TN:
SF:myApp/storage.ts
FN:32,getMedications
FN:36,saveMedications
FN:40,addMedication
FN:59,updateMedication
FN:64,(anonymous_4)
FN:65,(anonymous_5)
FN:68,(anonymous_6)
FN:85,(anonymous_7)
FN:93,deleteMedication
FN:95,(anonymous_9)
FN:103,getMedicationById
FN:105,(anonymous_11)
FNF:12
FNH:12
FNDA:4,getMedications
FNDA:1,saveMedications
FNDA:40,addMedication
FNDA:8,updateMedication
FNDA:7,(anonymous_4)
FNDA:7,(anonymous_5)
FNDA:7,(anonymous_6)
FNDA:6,(anonymous_7)
FNDA:3,deleteMedication
FNDA:4,(anonymous_9)
FNDA:3,getMedicationById
FNDA:2,(anonymous_11)
DA:25,1
DA:33,4
DA:37,1
DA:41,40
DA:42,40
DA:50,40
DA:51,40
DA:53,40
DA:54,40
DA:56,40
DA:63,8
DA:64,8
DA:65,8
DA:66,8
DA:68,8
DA:69,8
DA:71,7
DA:73,7
DA:79,4
DA:85,6
DA:86,2
DA:89,7
DA:90,7
DA:94,3
DA:95,4
DA:99,3
DA:100,3
DA:104,3
DA:105,3
LF:29
LH:29
BRDA:65,0,0,7
BRDA:65,0,1,0
BRDA:69,1,0,1
BRDA:69,1,1,7
BRDA:69,2,0,8
BRDA:69,2,1,7
BRDA:71,3,0,7
BRDA:71,3,1,5
BRDA:73,4,0,4
BRDA:73,4,1,3
BRDA:85,5,0,2
BRDA:85,5,1,1
BRDA:105,6,0,3
BRDA:105,6,1,1
BRF:14
BRH:13
end_of_record
TN:
SF:myApp/lib/local.ts
FN:17,readLocal
FN:27,writeLocal
FN:37,getHouseholdId
FN:41,setHouseholdId
FNF:4
FNH:4
FNDA:86,readLocal
FNDA:85,writeLocal
FNDA:3,getHouseholdId
FNDA:3,setHouseholdId
DA:14,4
DA:15,4
DA:18,86
DA:19,86
DA:20,86
DA:22,1
DA:23,1
DA:28,85
DA:29,85
DA:30,84
DA:32,1
DA:33,1
DA:38,3
DA:42,3
LF:14
LH:14
BRDA:20,0,0,66
BRDA:20,0,1,20
BRF:2
BRH:2
end_of_record
TN:
SF:myApp/lib/migrate.ts
FN:19,bootstrapLocalData
FN:25,(anonymous_1)
FN:42,(anonymous_2)
FNF:3
FNH:3
FNDA:24,bootstrapLocalData
FNDA:9,(anonymous_1)
FNDA:1,(anonymous_2)
DA:15,2
DA:17,2
DA:20,24
DA:22,9
DA:24,9
DA:25,9
DA:26,9
DA:27,8
DA:28,8
DA:29,8
DA:32,9
DA:39,9
DA:40,7
DA:41,7
DA:43,1
DA:44,1
DA:50,9
DA:51,9
DA:55,9
DA:56,1
DA:65,9
LF:21
LH:21
BRDA:20,0,0,15
BRDA:20,0,1,9
BRDA:26,1,0,1
BRDA:26,1,1,8
BRDA:39,2,0,7
BRDA:39,2,1,2
BRDA:44,3,0,1
BRDA:44,3,1,0
BRDA:55,4,0,1
BRDA:55,4,1,8
BRDA:55,5,0,9
BRDA:55,5,1,1
BRF:12
BRH:11
end_of_record
TN:
SF:myApp/lib/outbox.ts
FN:24,readOutbox
FN:33,writeOutbox
FN:41,enqueue
FN:47,(anonymous_3)
FN:64,outboxSize
FNF:5
FNH:5
FNDA:130,readOutbox
FNDA:101,writeOutbox
FNDA:85,enqueue
FNDA:325,(anonymous_3)
FNDA:4,outboxSize
DA:12,4
DA:25,130
DA:26,130
DA:27,130
DA:29,1
DA:34,101
DA:35,101
DA:37,0
DA:42,85
DA:47,85
DA:48,325
DA:49,316
DA:54,9
DA:61,85
DA:65,4
LF:15
LH:14
BRDA:27,0,0,85
BRDA:27,0,1,45
BRDA:48,1,0,316
BRDA:48,1,1,9
BRDA:48,2,0,325
BRDA:48,2,1,14
BRDA:49,3,0,316
BRDA:49,3,1,1
BRDA:49,3,2,315
BRDA:55,4,0,9
BRDA:55,4,1,3
BRDA:55,4,2,3
BRF:12
BRH:12
end_of_record
TN:
SF:myApp/lib/session.ts
FN:21,ensureSession
FN:37,ensureHousehold
FN:80,generateCode
FN:82,(anonymous_3)
FN:95,createInviteCode
FNF:5
FNH:0
FNDA:0,ensureSession
FNDA:0,ensureHousehold
FNDA:0,generateCode
FNDA:0,(anonymous_3)
FNDA:0,createInviteCode
DA:22,0
DA:23,0
DA:25,0
DA:26,0
DA:27,0
DA:28,0
DA:30,0
DA:38,0
DA:39,0
DA:43,0
DA:49,0
DA:50,0
DA:51,0
DA:54,0
DA:60,0
DA:61,0
DA:62,0
DA:65,0
DA:66,0
DA:68,0
DA:69,0
DA:74,0
DA:75,0
DA:81,0
DA:82,0
DA:96,0
DA:98,0
DA:99,0
DA:101,0
DA:102,0
DA:106,0
DA:107,0
DA:112,0
DA:113,0
DA:115,0
DA:121,0
DA:122,0
DA:127,0
DA:128,0
DA:129,0
DA:133,0
LF:41
LH:0
BRDA:23,0,0,0
BRDA:23,0,1,0
BRDA:26,1,0,0
BRDA:26,1,1,0
BRDA:30,2,0,0
BRDA:30,2,1,0
BRDA:39,3,0,0
BRDA:39,3,1,0
BRDA:49,4,0,0
BRDA:49,4,1,0
BRDA:60,5,0,0
BRDA:60,5,1,0
BRDA:60,6,0,0
BRDA:60,6,1,0
BRDA:65,7,0,0
BRDA:65,7,1,0
BRDA:66,8,0,0
BRDA:66,8,1,0
BRDA:96,9,0,0
BRDA:96,9,1,0
BRDA:99,10,0,0
BRDA:99,10,1,0
BRDA:102,11,0,0
BRDA:102,11,1,0
BRDA:107,12,0,0
BRDA:107,12,1,0
BRDA:121,13,0,0
BRDA:121,13,1,0
BRDA:121,14,0,0
BRDA:121,14,1,0
BRDA:127,15,0,0
BRDA:127,15,1,0
BRDA:127,16,0,0
BRDA:127,16,1,0
BRF:34
BRH:0
end_of_record
TN:
SF:myApp/lib/status.ts
FN:8,isSameDay
FN:20,computeStatus
FN:41,toLocalDateString
FN:48,localToday
FNF:4
FNH:4
FNDA:4,isSameDay
FNDA:10,computeStatus
FNDA:24,toLocalDateString
FNDA:16,localToday
DA:9,4
DA:21,10
DA:23,10
DA:24,4
DA:25,4
DA:28,8
DA:29,8
DA:30,8
DA:32,8
DA:42,24
DA:43,24
DA:44,24
DA:45,24
DA:49,16
LF:14
LH:14
BRDA:10,0,0,4
BRDA:10,0,1,3
BRDA:10,0,2,3
BRDA:23,1,0,4
BRDA:23,1,1,6
BRDA:23,2,0,10
BRDA:23,2,1,5
BRDA:25,3,0,2
BRDA:25,3,1,2
BRDA:32,4,0,6
BRDA:32,4,1,2
BRF:11
BRH:11
end_of_record
TN:
SF:myApp/lib/sync.ts
FN:35,toRemoteRow
FN:49,toLocalMedication
FN:64,applyOp
FN:67,(anonymous_3)
FN:95,pushOutbox
FN:120,pullAll
FN:143,(anonymous_6)
FN:155,syncNow
FN:190,startBackgroundSync
FN:200,(anonymous_9)
FN:202,(anonymous_10)
FN:206,(anonymous_11)
FN:210,(anonymous_12)
FNF:13
FNH:8
FNDA:4,toRemoteRow
FNDA:4,toLocalMedication
FNDA:8,applyOp
FNDA:4,(anonymous_3)
FNDA:12,pushOutbox
FNDA:10,pullAll
FNDA:4,(anonymous_6)
FNDA:13,syncNow
FNDA:0,startBackgroundSync
FNDA:0,(anonymous_9)
FNDA:0,(anonymous_10)
FNDA:0,(anonymous_11)
FNDA:0,(anonymous_12)
DA:36,4
DA:50,4
DA:61,4
DA:65,8
DA:66,5
DA:67,5
DA:68,5
DA:69,4
DA:70,4
DA:71,4
DA:74,3
DA:75,1
DA:79,1
DA:80,1
DA:86,2
DA:87,2
DA:91,2
DA:92,2
DA:96,12
DA:97,12
DA:99,8
DA:100,8
DA:102,8
DA:105,8
DA:106,0
DA:107,0
DA:109,8
DA:110,8
DA:111,2
DA:112,2
DA:116,8
DA:117,8
DA:121,10
DA:127,10
DA:128,0
DA:129,0
DA:134,10
DA:140,10
DA:141,10
DA:143,10
DA:144,4
DA:147,10
DA:148,10
DA:153,1
DA:156,13
DA:157,13
DA:159,13
DA:160,13
DA:164,13
DA:166,13
DA:167,13
DA:169,12
DA:170,12
DA:172,12
DA:173,12
DA:175,12
DA:176,12
DA:178,10
DA:179,10
DA:181,0
DA:182,0
DA:184,13
DA:200,0
DA:202,0
DA:203,0
DA:206,0
DA:207,0
DA:210,0
DA:211,0
DA:212,0
LF:70
LH:56
BRDA:41,0,0,4
BRDA:41,0,1,0
BRDA:58,1,0,1
BRDA:58,1,1,3
BRDA:65,2,0,5
BRDA:65,2,1,3
BRDA:68,3,0,1
BRDA:68,3,1,4
BRDA:70,4,0,2
BRDA:70,4,1,2
BRDA:74,5,0,1
BRDA:74,5,1,2
BRDA:79,6,0,0
BRDA:79,6,1,1
BRDA:86,7,0,1
BRDA:86,7,1,1
BRDA:91,8,0,0
BRDA:91,8,1,2
BRDA:97,9,0,4
BRDA:97,9,1,8
BRDA:105,10,0,0
BRDA:105,10,1,8
BRDA:110,11,0,2
BRDA:110,11,1,6
BRDA:127,12,0,0
BRDA:127,12,1,10
BRDA:127,13,0,10
BRDA:127,13,1,10
BRDA:141,14,0,10
BRDA:141,14,1,0
BRDA:144,15,0,4
BRDA:144,15,1,3
BRDA:156,16,0,0
BRDA:156,16,1,13
BRDA:157,17,0,0
BRDA:157,17,1,13
BRDA:167,18,0,1
BRDA:167,18,1,12
BRDA:170,19,0,0
BRDA:170,19,1,12
BRDA:173,20,0,0
BRDA:173,20,1,12
BRDA:176,21,0,2
BRDA:176,21,1,10
BRDA:179,22,0,10
BRDA:179,22,1,0
BRDA:203,23,0,0
BRDA:203,23,1,0
BRDA:207,24,0,0
BRDA:207,24,1,0
BRF:50
BRH:35
end_of_record
TN:
SF:web/api/health.ts
FN:33,comprobarBaseDeDatos
FN:84,handler
FNF:2
FNH:2
FNDA:9,comprobarBaseDeDatos
FNDA:10,handler
DA:21,10
DA:23,10
DA:25,10
DA:34,9
DA:35,1
DA:41,8
DA:43,8
DA:44,8
DA:52,6
DA:54,6
DA:55,1
DA:58,5
DA:62,5
DA:63,1
DA:70,4
DA:72,2
DA:73,2
DA:74,2
DA:85,10
DA:86,1
DA:87,1
DA:88,1
DA:91,9
DA:92,9
DA:95,9
DA:99,9
LF:26
LH:26
BRDA:21,0,0,10
BRDA:21,0,1,9
BRDA:23,1,0,10
BRDA:23,1,1,9
BRDA:34,2,0,1
BRDA:34,2,1,8
BRDA:34,3,0,9
BRDA:34,3,1,8
BRDA:54,4,0,1
BRDA:54,4,1,5
BRDA:62,5,0,1
BRDA:62,5,1,4
BRDA:62,6,0,5
BRDA:62,6,1,5
BRDA:73,7,0,2
BRDA:73,7,1,2
BRDA:77,8,0,1
BRDA:77,8,1,1
BRDA:85,9,0,1
BRDA:85,9,1,9
BRDA:85,10,0,10
BRDA:85,10,1,2
BRDA:99,11,0,4
BRDA:99,11,1,5
BRDA:102,12,0,4
BRDA:102,12,1,5
BRDA:106,13,0,9
BRDA:106,13,1,9
BRDA:107,14,0,9
BRDA:107,14,1,9
BRDA:108,15,0,9
BRDA:108,15,1,9
BRF:32
BRH:32
end_of_record
TN:
SF:web/src/lib/useRoute.ts
FN:13,useRoute
FN:14,(anonymous_1)
FN:16,(anonymous_2)
FN:17,(anonymous_3)
FN:19,(anonymous_4)
FN:22,(anonymous_5)
FNF:6
FNH:6
FNDA:15,useRoute
FNDA:5,(anonymous_1)
FNDA:5,(anonymous_2)
FNDA:8,(anonymous_3)
FNDA:1,(anonymous_4)
FNDA:3,(anonymous_5)
DA:14,15
DA:16,15
DA:17,8
DA:18,5
DA:19,5
DA:22,15
DA:23,3
DA:24,2
DA:25,2
DA:28,15
LF:10
LH:10
BRDA:23,0,0,1
BRDA:23,0,1,2
BRF:2
BRH:2
end_of_record
